  [1m[35m (0.7ms)[0m  [1m[34mSELECT "schema_migrations"."version" FROM "schema_migrations" ORDER BY "schema_migrations"."version" ASC[0m
  [1m[35m (0.2ms)[0m  [1m[35mBEGIN[0m
  [1m[35mSQL (9.6ms)[0m  [1m[32mINSERT INTO "sentences" ("sentence_type", "created_at", "updated_at") VALUES ($1, $2, $3) RETURNING "id"[0m  [["sentence_type", "definition"], ["created_at", "2018-03-10 21:30:07.278786"], ["updated_at", "2018-03-10 21:30:07.278786"]]
  [1m[35m (1.5ms)[0m  [1m[35mCOMMIT[0m
  [1m[35m (0.3ms)[0m  [1m[35mBEGIN[0m
  [1m[35mSQL (0.6ms)[0m  [1m[32mINSERT INTO "sentences" ("sentence", "created_at", "updated_at") VALUES ($1, $2, $3) RETURNING "id"[0m  [["sentence", "For centuries, literacy has referred to the ability to read and write. Today, we get most of our information through an interwoven system of media technologies. The ability to read many types of media has become an essential skill in the 21st Century. Media literacy is the ability to access, analyze, evaluate, and create media."], ["created_at", "2018-03-10 21:30:07.292940"], ["updated_at", "2018-03-10 21:30:07.292940"]]
  [1m[35m (1.4ms)[0m  [1m[35mCOMMIT[0m
  [1m[35m (0.3ms)[0m  [1m[35mBEGIN[0m
  [1m[35mSQL (0.6ms)[0m  [1m[32mINSERT INTO "sentences" ("created_at", "updated_at") VALUES ($1, $2) RETURNING "id"[0m  [["created_at", "2018-01-01 00:00:00"], ["updated_at", "2018-03-10 21:30:07.297883"]]
  [1m[35m (1.7ms)[0m  [1m[35mCOMMIT[0m
  [1m[35m (0.3ms)[0m  [1m[35mBEGIN[0m
  [1m[35mSQL (0.6ms)[0m  [1m[32mINSERT INTO "sentences" ("created_at", "updated_at") VALUES ($1, $2) RETURNING "id"[0m  [["created_at", "2018-03-10 21:30:07.303185"], ["updated_at", "2018-01-01 00:00:00"]]
  [1m[35m (1.7ms)[0m  [1m[35mCOMMIT[0m
  [1m[35m (0.3ms)[0m  [1m[35mBEGIN[0m
  [1m[35mSQL (0.6ms)[0m  [1m[32mINSERT INTO "sentences" ("sentence_type", "created_at", "updated_at") VALUES ($1, $2, $3) RETURNING "id"[0m  [["sentence_type", "number"], ["created_at", "2018-03-10 21:30:07.308288"], ["updated_at", "2018-03-10 21:30:07.308288"]]
  [1m[35m (1.7ms)[0m  [1m[35mCOMMIT[0m
  [1m[35m (0.3ms)[0m  [1m[35mBEGIN[0m
  [1m[35mSQL (0.6ms)[0m  [1m[32mINSERT INTO "sentences" ("sentence", "created_at", "updated_at") VALUES ($1, $2, $3) RETURNING "id"[0m  [["sentence", "As of 2017, 93 percent of Americans say they receive news online.When asked where they got online news in the last two hours, 36 percent named a news organization website or app; 35 percent said social media; and 20 percent recalled a search engine."], ["created_at", "2018-03-10 21:30:07.313328"], ["updated_at", "2018-03-10 21:30:07.313328"]]
  [1m[35m (1.6ms)[0m  [1m[35mCOMMIT[0m
  [1m[35m (0.3ms)[0m  [1m[35mBEGIN[0m
  [1m[35mSQL (0.6ms)[0m  [1m[32mINSERT INTO "sentences" ("created_at", "updated_at") VALUES ($1, $2) RETURNING "id"[0m  [["created_at", "2018-01-01 00:00:00"], ["updated_at", "2018-03-10 21:30:07.318594"]]
  [1m[35m (2.4ms)[0m  [1m[35mCOMMIT[0m
  [1m[35m (0.3ms)[0m  [1m[35mBEGIN[0m
  [1m[35mSQL (0.7ms)[0m  [1m[32mINSERT INTO "sentences" ("created_at", "updated_at") VALUES ($1, $2) RETURNING "id"[0m  [["created_at", "2018-03-10 21:30:07.324402"], ["updated_at", "2018-01-01 00:00:00"]]
  [1m[35m (1.4ms)[0m  [1m[35mCOMMIT[0m
  [1m[35m (0.3ms)[0m  [1m[35mBEGIN[0m
  [1m[35mSQL (0.6ms)[0m  [1m[32mINSERT INTO "sentences" ("sentence_type", "created_at", "updated_at") VALUES ($1, $2, $3) RETURNING "id"[0m  [["sentence_type", "entertainment"], ["created_at", "2018-03-10 21:30:07.329624"], ["updated_at", "2018-03-10 21:30:07.329624"]]
  [1m[35m (1.4ms)[0m  [1m[35mCOMMIT[0m
  [1m[35m (0.3ms)[0m  [1m[35mBEGIN[0m
  [1m[35mSQL (0.5ms)[0m  [1m[32mINSERT INTO "sentences" ("sentence", "created_at", "updated_at") VALUES ($1, $2, $3) RETURNING "id"[0m  [["sentence", "On October 2, 2016, while attending Paris Fashion Week, Kim Kardashian was robbed in the apartment where she was staying. Five individuals dressed as police officers gained access by threatening the concierge. The thieves escaped with $10 million in jewelry, and were never caught."], ["created_at", "2018-03-10 21:30:07.334708"], ["updated_at", "2018-03-10 21:30:07.334708"]]
  [1m[35m (1.8ms)[0m  [1m[35mCOMMIT[0m
  [1m[35m (0.3ms)[0m  [1m[35mBEGIN[0m
  [1m[35mSQL (0.6ms)[0m  [1m[32mINSERT INTO "sentences" ("created_at", "updated_at") VALUES ($1, $2) RETURNING "id"[0m  [["created_at", "2018-01-01 00:00:00"], ["updated_at", "2018-03-10 21:30:07.339771"]]
  [1m[35m (1.4ms)[0m  [1m[35mCOMMIT[0m
  [1m[35m (0.3ms)[0m  [1m[35mBEGIN[0m
  [1m[35mSQL (0.6ms)[0m  [1m[32mINSERT INTO "sentences" ("created_at", "updated_at") VALUES ($1, $2) RETURNING "id"[0m  [["created_at", "2018-03-10 21:30:07.344717"], ["updated_at", "2018-01-01 00:00:00"]]
  [1m[35m (1.5ms)[0m  [1m[35mCOMMIT[0m
  [1m[35m (0.3ms)[0m  [1m[35mBEGIN[0m
  [1m[35mSQL (0.6ms)[0m  [1m[32mINSERT INTO "sentences" ("sentence_type", "created_at", "updated_at") VALUES ($1, $2, $3) RETURNING "id"[0m  [["sentence_type", "relationship"], ["created_at", "2018-03-10 21:30:07.349972"], ["updated_at", "2018-03-10 21:30:07.349972"]]
  [1m[35m (1.5ms)[0m  [1m[35mCOMMIT[0m
  [1m[35m (0.3ms)[0m  [1m[35mBEGIN[0m
  [1m[35mSQL (0.6ms)[0m  [1m[32mINSERT INTO "sentences" ("sentence", "created_at", "updated_at") VALUES ($1, $2, $3) RETURNING "id"[0m  [["sentence", "Lawmakers in several states have introduced or passed bills calling on public school systems to do more to teach media literacy skills that they say are critical to democracy. The effort has been bipartisan but has received little attention despite successful legislation in Washington state, Connecticut, Rhode Island and New Mexico."], ["created_at", "2018-03-10 21:30:07.354760"], ["updated_at", "2018-03-10 21:30:07.354760"]]
  [1m[35m (1.6ms)[0m  [1m[35mCOMMIT[0m
  [1m[35m (0.3ms)[0m  [1m[35mBEGIN[0m
  [1m[35mSQL (0.6ms)[0m  [1m[32mINSERT INTO "sentences" ("created_at", "updated_at") VALUES ($1, $2) RETURNING "id"[0m  [["created_at", "2018-01-01 00:00:00"], ["updated_at", "2018-03-10 21:30:07.359649"]]
  [1m[35m (1.5ms)[0m  [1m[35mCOMMIT[0m
  [1m[35m (0.3ms)[0m  [1m[35mBEGIN[0m
  [1m[35mSQL (0.6ms)[0m  [1m[32mINSERT INTO "sentences" ("created_at", "updated_at") VALUES ($1, $2) RETURNING "id"[0m  [["created_at", "2018-03-10 21:30:07.364423"], ["updated_at", "2018-01-01 00:00:00"]]
  [1m[35m (1.6ms)[0m  [1m[35mCOMMIT[0m
  [1m[35m (0.2ms)[0m  [1m[34mSELECT pg_try_advisory_lock(7235320014032050185)[0m
  [1m[35m (1.3ms)[0m  [1m[34mSELECT "schema_migrations"."version" FROM "schema_migrations" ORDER BY "schema_migrations"."version" ASC[0m
  [1m[36mActiveRecord::InternalMetadata Load (6.6ms)[0m  [1m[34mSELECT  "ar_internal_metadata".* FROM "ar_internal_metadata" WHERE "ar_internal_metadata"."key" = $1 LIMIT $2[0m  [["key", "environment"], ["LIMIT", 1]]
  [1m[35m (0.7ms)[0m  [1m[35mBEGIN[0m
  [1m[35m (0.4ms)[0m  [1m[35mCOMMIT[0m
  [1m[35m (0.4ms)[0m  [1m[34mSELECT pg_advisory_unlock(7235320014032050185)[0m
  [1m[35m (0.5ms)[0m  [1m[34mSELECT "schema_migrations"."version" FROM "schema_migrations" ORDER BY "schema_migrations"."version" ASC[0m
  [1m[36mSentence Load (0.5ms)[0m  [1m[34mSELECT  "sentences".* FROM "sentences" LIMIT $1[0m  [["LIMIT", 11]]
  [1m[35m (1.3ms)[0m  [1m[34mSELECT "schema_migrations"."version" FROM "schema_migrations" ORDER BY "schema_migrations"."version" ASC[0m
  [1m[35m (0.7ms)[0m  [1m[34mSELECT "ar_internal_metadata"."value" FROM "ar_internal_metadata" WHERE "ar_internal_metadata"."key" = $1[0m  [["key", "environment"]]
  [1m[35m (0.5ms)[0m  [1m[34mSELECT "schema_migrations"."version" FROM "schema_migrations" ORDER BY "schema_migrations"."version" ASC[0m
  [1m[35m (0.4ms)[0m  [1m[34mSELECT "ar_internal_metadata"."value" FROM "ar_internal_metadata" WHERE "ar_internal_metadata"."key" = $1[0m  [["key", "environment"]]
  [1m[35m (0.6ms)[0m  [1m[34mSELECT "schema_migrations"."version" FROM "schema_migrations" ORDER BY "schema_migrations"."version" ASC[0m
  [1m[35m (0.4ms)[0m  [1m[34mSELECT "ar_internal_metadata"."value" FROM "ar_internal_metadata" WHERE "ar_internal_metadata"."key" = $1[0m  [["key", "environment"]]
  [1m[35m (216.3ms)[0m  [1m[35mDROP DATABASE IF EXISTS "literacy"[0m
  [1m[35m (0.4ms)[0m  [1m[35mDROP DATABASE IF EXISTS "literacy"[0m
  [1m[35m (6.6ms)[0m  [1m[35mCREATE TABLE "schema_migrations" ("version" character varying NOT NULL PRIMARY KEY)[0m
  [1m[35m (5.7ms)[0m  [1m[35mCREATE TABLE "ar_internal_metadata" ("key" character varying NOT NULL PRIMARY KEY, "value" character varying, "created_at" timestamp NOT NULL, "updated_at" timestamp NOT NULL)[0m
  [1m[35m (0.2ms)[0m  [1m[34mSELECT pg_try_advisory_lock(7235320014032050185)[0m
  [1m[35m (0.5ms)[0m  [1m[34mSELECT "schema_migrations"."version" FROM "schema_migrations" ORDER BY "schema_migrations"."version" ASC[0m
Migrating to CreateSentences (20180310190342)
  [1m[35m (0.2ms)[0m  [1m[35mBEGIN[0m
  [1m[35m (16.3ms)[0m  [1m[35mCREATE TABLE "sentences" ("id" bigserial primary key, "sentence_type" character varying, "sentence" text)[0m
  [1m[35mSQL (1.3ms)[0m  [1m[32mINSERT INTO "schema_migrations" ("version") VALUES ($1) RETURNING "version"[0m  [["version", "20180310190342"]]
  [1m[35m (1.7ms)[0m  [1m[35mCOMMIT[0m
Migrating to CreateDefinitions (20180310191202)
  [1m[35m (6.2ms)[0m  [1m[35mBEGIN[0m
  [1m[35m (15.2ms)[0m  [1m[35mCREATE TABLE "definitions" ("id" bigserial primary key, "sentence" text, "sentence_id" integer, "created_at" timestamp NOT NULL, "updated_at" timestamp NOT NULL)[0m
  [1m[35mSQL (0.4ms)[0m  [1m[32mINSERT INTO "schema_migrations" ("version") VALUES ($1) RETURNING "version"[0m  [["version", "20180310191202"]]
  [1m[35m (1.3ms)[0m  [1m[35mCOMMIT[0m
Migrating to CreateNumbers (20180310191212)
  [1m[35m (6.3ms)[0m  [1m[35mBEGIN[0m
  [1m[35m (15.3ms)[0m  [1m[35mCREATE TABLE "numbers" ("id" bigserial primary key, "sentence" text, "sentence_id" integer, "created_at" timestamp NOT NULL, "updated_at" timestamp NOT NULL)[0m
  [1m[35mSQL (0.3ms)[0m  [1m[32mINSERT INTO "schema_migrations" ("version") VALUES ($1) RETURNING "version"[0m  [["version", "20180310191212"]]
  [1m[35m (1.3ms)[0m  [1m[35mCOMMIT[0m
Migrating to CreateEntertainments (20180310191224)
  [1m[35m (6.1ms)[0m  [1m[35mBEGIN[0m
  [1m[35m (15.2ms)[0m  [1m[35mCREATE TABLE "entertainments" ("id" bigserial primary key, "sentence" text, "sentence_id" integer, "created_at" timestamp NOT NULL, "updated_at" timestamp NOT NULL)[0m
  [1m[35mSQL (0.3ms)[0m  [1m[32mINSERT INTO "schema_migrations" ("version") VALUES ($1) RETURNING "version"[0m  [["version", "20180310191224"]]
  [1m[35m (5.4ms)[0m  [1m[35mCOMMIT[0m
Migrating to CreateRelationships (20180310191235)
  [1m[35m (6.6ms)[0m  [1m[35mBEGIN[0m
  [1m[35m (18.1ms)[0m  [1m[35mCREATE TABLE "relationships" ("id" bigserial primary key, "sentence" text, "sentence_id" integer, "created_at" timestamp NOT NULL, "updated_at" timestamp NOT NULL)[0m
  [1m[35mSQL (0.3ms)[0m  [1m[32mINSERT INTO "schema_migrations" ("version") VALUES ($1) RETURNING "version"[0m  [["version", "20180310191235"]]
  [1m[35m (1.4ms)[0m  [1m[35mCOMMIT[0m
  [1m[36mActiveRecord::InternalMetadata Load (0.4ms)[0m  [1m[34mSELECT  "ar_internal_metadata".* FROM "ar_internal_metadata" WHERE "ar_internal_metadata"."key" = $1 LIMIT $2[0m  [["key", "environment"], ["LIMIT", 1]]
  [1m[35m (0.2ms)[0m  [1m[35mBEGIN[0m
  [1m[35mSQL (0.6ms)[0m  [1m[32mINSERT INTO "ar_internal_metadata" ("key", "value", "created_at", "updated_at") VALUES ($1, $2, $3, $4) RETURNING "key"[0m  [["key", "environment"], ["value", "development"], ["created_at", "2018-03-10 21:36:35.326076"], ["updated_at", "2018-03-10 21:36:35.326076"]]
  [1m[35m (1.2ms)[0m  [1m[35mCOMMIT[0m
  [1m[35m (0.4ms)[0m  [1m[34mSELECT pg_advisory_unlock(7235320014032050185)[0m
  [1m[35m (0.3ms)[0m  [1m[34mSELECT "schema_migrations"."version" FROM "schema_migrations" ORDER BY "schema_migrations"."version" ASC[0m
  [1m[35m (1.1ms)[0m  [1m[34mSELECT "schema_migrations"."version" FROM "schema_migrations" ORDER BY "schema_migrations"."version" ASC[0m
  [1m[35m (0.6ms)[0m  [1m[34mSELECT "schema_migrations"."version" FROM "schema_migrations" ORDER BY "schema_migrations"."version" ASC[0m
  [1m[35m (0.9ms)[0m  [1m[34mSELECT "schema_migrations"."version" FROM "schema_migrations" ORDER BY "schema_migrations"."version" ASC[0m
  [1m[35m (0.2ms)[0m  [1m[35mBEGIN[0m
  [1m[35mSQL (0.9ms)[0m  [1m[32mINSERT INTO "sentences" ("sentence_type", "sentence") VALUES ($1, $2) RETURNING "id"[0m  [["sentence_type", "definition"], ["sentence", "For centuries, literacy has referred to the ability to read and write. Today, we get most of our information through an interwoven system of media technologies. The ability to read many types of media has become an essential skill in the 21st Century. Media literacy is the ability to access, analyze, evaluate, and create media."]]
  [1m[35m (9.8ms)[0m  [1m[35mCOMMIT[0m
  [1m[35m (0.3ms)[0m  [1m[35mBEGIN[0m
  [1m[35mSQL (0.5ms)[0m  [1m[32mINSERT INTO "sentences" ("sentence_type", "sentence") VALUES ($1, $2) RETURNING "id"[0m  [["sentence_type", "number"], ["sentence", "As of 2017, 93 percent of Americans say they receive news online.When asked where they got online news in the last two hours, 36 percent named a news organization website or app; 35 percent said social media; and 20 percent recalled a search engine."]]
  [1m[35m (1.4ms)[0m  [1m[35mCOMMIT[0m
  [1m[35m (0.2ms)[0m  [1m[35mBEGIN[0m
  [1m[35mSQL (0.4ms)[0m  [1m[32mINSERT INTO "sentences" ("sentence_type", "sentence") VALUES ($1, $2) RETURNING "id"[0m  [["sentence_type", "entertainment"], ["sentence", "On October 2, 2016, while attending Paris Fashion Week, Kim Kardashian was robbed in the apartment where she was staying. Five individuals dressed as police officers gained access by threatening the concierge. The thieves escaped with $10 million in jewelry, and were never caught."]]
  [1m[35m (1.4ms)[0m  [1m[35mCOMMIT[0m
  [1m[35m (0.2ms)[0m  [1m[35mBEGIN[0m
  [1m[35mSQL (0.3ms)[0m  [1m[32mINSERT INTO "sentences" ("sentence_type", "sentence") VALUES ($1, $2) RETURNING "id"[0m  [["sentence_type", "relationship"], ["sentence", "Lawmakers in several states have introduced or passed bills calling on public school systems to do more to teach media literacy skills that they say are critical to democracy. The effort has been bipartisan but has received little attention despite successful legislation in Washington state, Connecticut, Rhode Island and New Mexico."]]
  [1m[35m (1.4ms)[0m  [1m[35mCOMMIT[0m
  [1m[36mSentence Load (0.4ms)[0m  [1m[34mSELECT  "sentences".* FROM "sentences" LIMIT $1[0m  [["LIMIT", 11]]
Started GET "/" for 127.0.0.1 at 2018-03-10 13:45:10 -0800
  [1m[35m (0.7ms)[0m  [1m[34mSELECT "schema_migrations"."version" FROM "schema_migrations" ORDER BY "schema_migrations"."version" ASC[0m
Processing by SentencesController#index as HTML
  Rendering sentences/index.html.erb within layouts/application
  [1m[36mSentence Load (0.6ms)[0m  [1m[34mSELECT "sentences".* FROM "sentences"[0m
  Rendered sentences/index.html.erb within layouts/application (27.8ms)
Completed 500 Internal Server Error in 80ms (ActiveRecord: 5.2ms)


  
ActionView::Template::Error (undefined method `type' for #<Sentence:0x007fb5adb24430>):
     6: 
     7: <% @sentences.each do |sentence| %>
     8:   =
     9:     <%= sentence.type %>
    10:     <span class="sentence-buttons"><%= link_to sentence.type, show_sentence_path(sentence) %></span>
    11:     <h2> span <h2>
    12:     <!-- <td><%= link_to 'Edit', edit_sentence_path(sentence) %></td>
  
app/views/sentences/index.html.erb:9:in `block in _app_views_sentences_index_html_erb__3485834008617184940_70209139931420'
app/views/sentences/index.html.erb:7:in `_app_views_sentences_index_html_erb__3485834008617184940_70209139931420'
Started GET "/" for 127.0.0.1 at 2018-03-10 13:51:30 -0800
Processing by SentencesController#index as HTML
  Rendering sentences/index.html.erb within layouts/application
  [1m[36mSentence Load (0.8ms)[0m  [1m[34mSELECT "sentences".* FROM "sentences"[0m
  Rendered sentences/index.html.erb within layouts/application (59.4ms)
Completed 500 Internal Server Error in 72ms (ActiveRecord: 13.9ms)


  
ActionView::Template::Error (undefined method `type' for #<Sentence:0x007fb5aeff2380>):
     6: 
     7: <% @sentences.each do |sentence| %>
     8:   =
     9:     <%= sentence.type %>
    10:     <span class="sentence-buttons"><%= link_to sentence.sentence_type, show_sentence_path(sentence) %></span>
    11:     <h2> span <h2>
    12:     <!-- <td><%= link_to 'Edit', edit_sentence_path(sentence) %></td>
  
app/views/sentences/index.html.erb:9:in `block in _app_views_sentences_index_html_erb__3485834008617184940_70209167855520'
app/views/sentences/index.html.erb:7:in `_app_views_sentences_index_html_erb__3485834008617184940_70209167855520'
Started GET "/" for 127.0.0.1 at 2018-03-10 13:51:48 -0800
Processing by SentencesController#index as HTML
  Rendering sentences/index.html.erb within layouts/application
  [1m[36mSentence Load (0.4ms)[0m  [1m[34mSELECT "sentences".* FROM "sentences"[0m
  Rendered sentences/index.html.erb within layouts/application (123.3ms)
Completed 500 Internal Server Error in 138ms (ActiveRecord: 0.4ms)


  
ActionView::Template::Error (undefined method `show_sentence_path' for #<#<Class:0x007fb5adb0e450>:0x007fb5b10b0c98>
Did you mean?  sentences_path):
     7: <% @sentences.each do |sentence| %>
     8:   =
     9:     <%= sentence.sentence_type %>
    10:     <span class="sentence-buttons"><%= link_to sentence.sentence_type, show_sentence_path(sentence) %></span>
    11:     <h2> span <h2>
    12:     <!-- <td><%= link_to 'Edit', edit_sentence_path(sentence) %></td>
    13:     <td><%= link_to 'Destroy', sentence, method: :delete, data: { confirm: 'Are you sure?' } %></td> -->
  
app/views/sentences/index.html.erb:10:in `block in _app_views_sentences_index_html_erb__3485834008617184940_70209168052140'
app/views/sentences/index.html.erb:7:in `_app_views_sentences_index_html_erb__3485834008617184940_70209168052140'
Started GET "/" for 127.0.0.1 at 2018-03-10 13:53:13 -0800
Processing by SentencesController#index as HTML
  Rendering sentences/index.html.erb within layouts/application
  [1m[36mSentence Load (0.8ms)[0m  [1m[34mSELECT "sentences".* FROM "sentences"[0m
  Rendered sentences/index.html.erb within layouts/application (4.9ms)
Completed 200 OK in 511ms (Views: 504.4ms | ActiveRecord: 0.8ms)


Started GET "/sentences.4" for 127.0.0.1 at 2018-03-10 13:53:26 -0800
Processing by SentencesController#index as 
  Rendering sentences/index.html.erb within layouts/application
  [1m[36mSentence Load (0.3ms)[0m  [1m[34mSELECT "sentences".* FROM "sentences"[0m
  Rendered sentences/index.html.erb within layouts/application (3.0ms)
Completed 200 OK in 98ms (Views: 63.1ms | ActiveRecord: 0.3ms)


Started GET "/sentences.3" for 127.0.0.1 at 2018-03-10 13:53:30 -0800
Processing by SentencesController#index as 
  Rendering sentences/index.html.erb within layouts/application
  [1m[36mSentence Load (0.3ms)[0m  [1m[34mSELECT "sentences".* FROM "sentences"[0m
  Rendered sentences/index.html.erb within layouts/application (2.8ms)
Completed 200 OK in 74ms (Views: 50.4ms | ActiveRecord: 0.3ms)


Started GET "/sentences.2" for 127.0.0.1 at 2018-03-10 13:53:31 -0800
Processing by SentencesController#index as 
  Rendering sentences/index.html.erb within layouts/application
  [1m[36mSentence Load (0.4ms)[0m  [1m[34mSELECT "sentences".* FROM "sentences"[0m
  Rendered sentences/index.html.erb within layouts/application (3.5ms)
Completed 200 OK in 107ms (Views: 81.3ms | ActiveRecord: 0.4ms)


Started GET "/sentences.1" for 127.0.0.1 at 2018-03-10 13:53:32 -0800
Processing by SentencesController#index as 
  Rendering sentences/index.html.erb within layouts/application
  [1m[36mSentence Load (0.2ms)[0m  [1m[34mSELECT "sentences".* FROM "sentences"[0m
  Rendered sentences/index.html.erb within layouts/application (3.5ms)
Completed 200 OK in 85ms (Views: 61.4ms | ActiveRecord: 0.2ms)


Started GET "/sentences.1" for 127.0.0.1 at 2018-03-10 13:53:39 -0800
Processing by SentencesController#index as 
  Rendering sentences/index.html.erb within layouts/application
  [1m[36mSentence Load (1.3ms)[0m  [1m[34mSELECT "sentences".* FROM "sentences"[0m
  Rendered sentences/index.html.erb within layouts/application (170.3ms)
Completed 500 Internal Server Error in 223ms (ActiveRecord: 1.3ms)


  
ActionView::Template::Error (undefined method `show_sentences_path' for #<#<Class:0x007fb5adb0e450>:0x007fb5afc3bda8>
Did you mean?  sentences_path):
     7: <% @sentences.each do |sentence| %>
     8:   =
     9:     <%= sentence.sentence_type %>
    10:     <span class="sentence-buttons"><%= link_to sentence.sentence_type, show_sentences_path(sentence) %></span>
    11:     <h2> span <h2>
    12:     <!-- <td><%= link_to 'Edit', edit_sentence_path(sentence) %></td>
    13:     <td><%= link_to 'Destroy', sentence, method: :delete, data: { confirm: 'Are you sure?' } %></td> -->
  
app/views/sentences/index.html.erb:10:in `block in _app_views_sentences_index_html_erb__3485834008617184940_70209157219720'
app/views/sentences/index.html.erb:7:in `_app_views_sentences_index_html_erb__3485834008617184940_70209157219720'
Started GET "/" for 127.0.0.1 at 2018-03-10 13:54:16 -0800
Processing by SentencesController#index as HTML
  Rendering sentences/index.html.erb within layouts/application
  [1m[36mSentence Load (0.3ms)[0m  [1m[34mSELECT "sentences".* FROM "sentences"[0m
  Rendered sentences/index.html.erb within layouts/application (127.6ms)
Completed 500 Internal Server Error in 138ms (ActiveRecord: 0.3ms)


  
ActionView::Template::Error (undefined method `show_sentences_path' for #<#<Class:0x007fb5adb0e450>:0x007fb5afd85df8>
Did you mean?  sentences_path):
     7: <% @sentences.each do |sentence| %>
     8:   =
     9:     <%= sentence.sentence_type %>
    10:     <span class="sentence-buttons"><%= link_to sentence.sentence_type, show_sentences_path(sentence) %></span>
    11:     <h2> span <h2>
    12:     <!-- <td><%= link_to 'Edit', edit_sentence_path(sentence) %></td>
    13:     <td><%= link_to 'Destroy', sentence, method: :delete, data: { confirm: 'Are you sure?' } %></td> -->
  
app/views/sentences/index.html.erb:10:in `block in _app_views_sentences_index_html_erb__3485834008617184940_70209158001720'
app/views/sentences/index.html.erb:7:in `_app_views_sentences_index_html_erb__3485834008617184940_70209158001720'
Started GET "/numbers/index" for 127.0.0.1 at 2018-03-10 13:54:22 -0800
Processing by NumbersController#show as HTML
  Parameters: {"id"=>"index"}
  [1m[36mNumber Load (3.1ms)[0m  [1m[34mSELECT  "numbers".* FROM "numbers" WHERE "numbers"."id" = $1 LIMIT $2[0m  [["id", 0], ["LIMIT", 1]]
Completed 404 Not Found in 38ms (ActiveRecord: 10.3ms)


  
ActiveRecord::RecordNotFound (Couldn't find Number with 'id'=index):
  
app/controllers/numbers_controller.rb:67:in `set_number'
